<?xml version="1.0" encoding="UTF-8"?>
<!-- Generated by org.testng.reporters.JUnitXMLReporter -->
<testsuite ignored="0" hostname="DESKTOP-JP71GCP" failures="1" tests="2" name="Test" time="1.707" errors="0" timestamp="2024-04-22T12:35:06 IST">
  <testcase classname="testRunner.SlideTeamLoginTest" name="testLogin" time="0.41">
    <failure type="java.lang.AssertionError" message="expected [Customer Login] but found [PowerPoint Templates | PowerPoint Slides Templates| PPT Themes Presentation]">
      <![CDATA[java.lang.AssertionError: expected [Customer Login] but found [PowerPoint Templates | PowerPoint Slides Templates| PPT Themes Presentation]
at pageActions.SlideTeamLoginPageAction.verifyLoginPageTitle(SlideTeamLoginPageAction.java:18)
at testRunner.SlideTeamLoginTest.testLogin(SlideTeamLoginTest.java:16)
at java.base/java.util.ArrayList.forEach(ArrayList.java:1511)
... Removed 33 stack frames]]>
    </failure>
  </testcase> <!-- testLogin -->
  <testcase classname="testRunner.SlideTeamHomeTest" name="testLogin" time="1.093"/>
</testsuite> <!-- Test -->
