<?xml version="1.0" encoding="UTF-8"?>
<!-- Generated by org.testng.reporters.JUnitXMLReporter -->
<testsuite ignored="0" hostname="DESKTOP-JP71GCP" failures="1" tests="2" name="Test" time="12.957" errors="0" timestamp="2024-06-12T09:46:53 IST">
  <testcase classname="testRunner.SlideTeam_Login_TC_1" name="ST_TC_1" time="6.693"/>
  <testcase classname="testRunner.SlideTeam_Login_TC_1" name="ST_TC_1" time="0.076">
    <failure type="java.lang.AssertionError" message="expected [Pricing] but found [PowerPoint Templates | PowerPoint Slides Templates| PPT Themes Presentation]">
      <![CDATA[java.lang.AssertionError: expected [Pricing] but found [PowerPoint Templates | PowerPoint Slides Templates| PPT Themes Presentation]
at pageObjects.SlideTeamHomePageObjects.verifyHomePageTitle(SlideTeamHomePageObjects.java:24)
at testRunner.SlideTeam_Login_TC_1.ST_TC_1(SlideTeam_Login_TC_1.java:24)
at java.base/java.util.ArrayList.forEach(ArrayList.java:1511)
at java.base/java.util.concurrent.FutureTask.run(FutureTask.java:264)
at java.base/java.util.concurrent.ThreadPoolExecutor.runWorker(ThreadPoolExecutor.java:1136)
at java.base/java.util.concurrent.ThreadPoolExecutor$Worker.run(ThreadPoolExecutor.java:635)
at java.base/java.lang.Thread.run(Thread.java:833)
... Removed 23 stack frames]]>
    </failure>
  </testcase> <!-- ST_TC_1 -->
</testsuite> <!-- Test -->
