<?xml version="1.0" encoding="UTF-8"?>
<!-- Generated by org.testng.reporters.JUnitXMLReporter -->
<testsuite ignored="0" hostname="DESKTOP-JP71GCP" failures="1" tests="1" name="Test" time="9.541" errors="0" timestamp="2024-06-14T10:26:36 IST">
  <testcase classname="testRunner.SlideTeam_Login_TC_1" name="ST_TC_1" time="5.852">
    <failure type="java.lang.AssertionError" message="expected [Pricingjhghjgjg] but found [Pricing]">
      <![CDATA[java.lang.AssertionError: expected [Pricingjhghjgjg] but found [Pricing]
at pageObjects.SlideTeamPricingPageObjects.verifyPricingPageTitle(SlideTeamPricingPageObjects.java:34)
at testRunner.SlideTeam_Login_TC_1.ST_TC_1(SlideTeam_Login_TC_1.java:34)
at java.base/java.util.ArrayList.forEach(ArrayList.java:1511)
... Removed 33 stack frames]]>
    </failure>
  </testcase> <!-- ST_TC_1 -->
</testsuite> <!-- Test -->
